SF:lib/features/authentication/data/cubit/auth_cubit.dart
DA:8,3
DA:10,0
DA:11,0
DA:13,1
DA:14,2
DA:16,2
DA:17,1
DA:18,0
DA:20,3
DA:22,3
DA:23,2
DA:27,1
DA:28,2
DA:31,0
DA:33,0
DA:36,1
DA:38,1
LF:17
LH:12
end_of_record
SF:lib/features/authentication/data/cubit/auth_state.dart
DA:8,1
DA:10,1
DA:11,4
DA:13,1
DA:14,1
DA:15,1
DA:16,1
DA:17,1
DA:21,0
DA:22,0
DA:33,1
DA:37,1
DA:39,0
DA:45,0
DA:46,0
DA:47,0
DA:48,0
DA:54,1
DA:58,1
DA:60,0
DA:66,0
DA:67,0
DA:68,0
DA:69,0
DA:75,1
DA:79,1
DA:81,0
DA:87,0
DA:88,0
DA:89,0
DA:98,1
DA:103,1
DA:105,0
DA:111,0
DA:112,0
DA:113,0
DA:114,0
DA:115,0
LF:38
LH:16
end_of_record
SF:lib/features/authentication/data/services/auth_entity.dart
DA:4,1
DA:6,0
DA:7,0
DA:15,0
DA:17,0
DA:18,0
LF:6
LH:1
end_of_record
